  [1m[35m (2.1ms)[0m  [1m[35mCREATE TABLE "schema_migrations" ("version" varchar NOT NULL PRIMARY KEY)[0m
  [1m[35m (1.8ms)[0m  [1m[35mCREATE TABLE "ar_internal_metadata" ("key" varchar NOT NULL PRIMARY KEY, "value" varchar, "created_at" datetime(6) NOT NULL, "updated_at" datetime(6) NOT NULL)[0m
  [1m[36mActiveRecord::SchemaMigration Pluck (0.2ms)[0m  [1m[34mSELECT "schema_migrations"."version" FROM "schema_migrations" ORDER BY "schema_migrations"."version" ASC[0m
Migrating to DeviseCreateUsers (20230422050101)
  [1m[36mTRANSACTION (0.1ms)[0m  [1m[36mbegin transaction[0m
  [1m[35m (1.0ms)[0m  [1m[35mCREATE TABLE "users" ("id" integer PRIMARY KEY AUTOINCREMENT NOT NULL, "email" varchar DEFAULT '' NOT NULL, "encrypted_password" varchar DEFAULT '' NOT NULL, "reset_password_token" varchar, "reset_password_sent_at" datetime(6), "remember_created_at" datetime(6), "name" varchar, "created_at" datetime(6) NOT NULL, "updated_at" datetime(6) NOT NULL)[0m
  [1m[35m (0.3ms)[0m  [1m[35mCREATE UNIQUE INDEX "index_users_on_email" ON "users" ("email")[0m
  [1m[35m (0.2ms)[0m  [1m[35mCREATE UNIQUE INDEX "index_users_on_reset_password_token" ON "users" ("reset_password_token")[0m
  [1m[36mActiveRecord::SchemaMigration Create (0.2ms)[0m  [1m[32mINSERT INTO "schema_migrations" ("version") VALUES (?)[0m  [["version", "20230422050101"]]
  [1m[36mTRANSACTION (1.6ms)[0m  [1m[36mcommit transaction[0m
  [1m[36mActiveRecord::InternalMetadata Load (0.3ms)[0m  [1m[34mSELECT "ar_internal_metadata".* FROM "ar_internal_metadata" WHERE "ar_internal_metadata"."key" = ? LIMIT ?[0m  [["key", "environment"], ["LIMIT", 1]]
  [1m[36mTRANSACTION (0.1ms)[0m  [1m[36mbegin transaction[0m
  [1m[36mActiveRecord::InternalMetadata Create (0.7ms)[0m  [1m[32mINSERT INTO "ar_internal_metadata" ("key", "value", "created_at", "updated_at") VALUES (?, ?, ?, ?)[0m  [["key", "environment"], ["value", "development"], ["created_at", "2023-04-22 05:01:19.932503"], ["updated_at", "2023-04-22 05:01:19.932503"]]
  [1m[36mTRANSACTION (1.6ms)[0m  [1m[36mcommit transaction[0m
  [1m[36mActiveRecord::SchemaMigration Pluck (0.1ms)[0m  [1m[34mSELECT "schema_migrations"."version" FROM "schema_migrations" ORDER BY "schema_migrations"."version" ASC[0m
Started GET "/" for 127.0.0.1 at 2023-04-22 10:31:54 +0530
  [1m[36mActiveRecord::SchemaMigration Pluck (0.2ms)[0m  [1m[34mSELECT "schema_migrations"."version" FROM "schema_migrations" ORDER BY "schema_migrations"."version" ASC[0m
Processing by Rails::WelcomeController#index as HTML
  Rendering E:/Programs/Ruby32-x64/lib/ruby/gems/3.2.0/gems/railties-7.0.4.3/lib/rails/templates/rails/welcome/index.html.erb
  Rendered E:/Programs/Ruby32-x64/lib/ruby/gems/3.2.0/gems/railties-7.0.4.3/lib/rails/templates/rails/welcome/index.html.erb (Duration: 35.5ms | Allocations: 701)
Completed 200 OK in 105ms (Views: 54.0ms | ActiveRecord: 0.0ms | Allocations: 6120)


Started GET "/users/sign_up" for 127.0.0.1 at 2023-04-22 10:32:02 +0530
Processing by Devise::RegistrationsController#new as HTML
  Rendering layout layouts/application.html.erb
  Rendering E:/Programs/Ruby32-x64/lib/ruby/gems/3.2.0/gems/devise-4.9.2/app/views/devise/registrations/new.html.erb within layouts/application
  Rendered E:/Programs/Ruby32-x64/lib/ruby/gems/3.2.0/gems/devise-4.9.2/app/views/devise/shared/_error_messages.html.erb (Duration: 1.2ms | Allocations: 243)
  Rendered E:/Programs/Ruby32-x64/lib/ruby/gems/3.2.0/gems/devise-4.9.2/app/views/devise/shared/_links.html.erb (Duration: 2.9ms | Allocations: 603)
  Rendered E:/Programs/Ruby32-x64/lib/ruby/gems/3.2.0/gems/devise-4.9.2/app/views/devise/registrations/new.html.erb within layouts/application (Duration: 95.4ms | Allocations: 8518)
  Rendered layout layouts/application.html.erb (Duration: 1010.4ms | Allocations: 96183)
Completed 500 Internal Server Error in 1050ms (ActiveRecord: 0.8ms | Allocations: 104234)


  
ActionView::Template::Error (Permission denied @ rb_file_s_rename - (E:/Projects/The odin project/Rails path/micro-reddit-assignment/tmp/cache/assets/sprockets/v4.0.0/Pd/PdIuUq5d0D0RqzojWRpjKGYBNHLV8Agitzd6Xj4Lr6E.cache.24120.15128.436086, E:/Projects/The odin project/Rails path/micro-reddit-assignment/tmp/cache/assets/sprockets/v4.0.0/Pd/PdIuUq5d0D0RqzojWRpjKGYBNHLV8Agitzd6Xj4Lr6E.cache)):
  
sprockets (4.2.0) lib/sprockets/path_utils.rb:362:in `rename'
sprockets (4.2.0) lib/sprockets/path_utils.rb:362:in `atomic_write'
sprockets (4.2.0) lib/sprockets/cache/file_store.rb:112:in `set'
sprockets (4.2.0) lib/sprockets/cache.rb:227:in `set'
sprockets (4.2.0) lib/sprockets/cache.rb:143:in `set'
sprockets (4.2.0) lib/sprockets/loader.rb:266:in `store_asset'
sprockets (4.2.0) lib/sprockets/loader.rb:226:in `load_from_unloaded'
sprockets (4.2.0) lib/sprockets/loader.rb:59:in `block in load'
sprockets (4.2.0) lib/sprockets/loader.rb:337:in `fetch_asset_from_dependency_cache'
sprockets (4.2.0) lib/sprockets/loader.rb:43:in `load'
sprockets (4.2.0) lib/sprockets/cached_environment.rb:44:in `block in load'
concurrent-ruby (1.2.2) lib/concurrent-ruby/concurrent/map.rb:207:in `block in fetch_or_store'
concurrent-ruby (1.2.2) lib/concurrent-ruby/concurrent/map.rb:187:in `fetch'
concurrent-ruby (1.2.2) lib/concurrent-ruby/concurrent/map.rb:206:in `fetch_or_store'
sprockets (4.2.0) lib/sprockets/cached_environment.rb:44:in `load'
sprockets (4.2.0) lib/sprockets/base.rb:81:in `find_asset'
sprockets (4.2.0) lib/sprockets/base.rb:88:in `find_all_linked_assets'
sprockets (4.2.0) lib/sprockets/manifest.rb:125:in `each'
sprockets (4.2.0) lib/sprockets/manifest.rb:125:in `to_a'
sprockets (4.2.0) lib/sprockets/manifest.rb:125:in `block (2 levels) in find'
concurrent-ruby (1.2.2) lib/concurrent-ruby/concurrent/executor/safe_task_executor.rb:24:in `block in execute'
concurrent-ruby (1.2.2) lib/concurrent-ruby/concurrent/synchronization/mutex_lockable_object.rb:48:in `block in synchronize'
concurrent-ruby (1.2.2) lib/concurrent-ruby/concurrent/synchronization/mutex_lockable_object.rb:48:in `synchronize'
concurrent-ruby (1.2.2) lib/concurrent-ruby/concurrent/synchronization/mutex_lockable_object.rb:48:in `synchronize'
concurrent-ruby (1.2.2) lib/concurrent-ruby/concurrent/executor/safe_task_executor.rb:22:in `execute'
concurrent-ruby (1.2.2) lib/concurrent-ruby/concurrent/promise.rb:564:in `block in realize'
concurrent-ruby (1.2.2) lib/concurrent-ruby/concurrent/executor/ruby_thread_pool_executor.rb:352:in `run_task'
concurrent-ruby (1.2.2) lib/concurrent-ruby/concurrent/executor/ruby_thread_pool_executor.rb:343:in `block (3 levels) in create_worker'
concurrent-ruby (1.2.2) lib/concurrent-ruby/concurrent/executor/ruby_thread_pool_executor.rb:334:in `loop'
concurrent-ruby (1.2.2) lib/concurrent-ruby/concurrent/executor/ruby_thread_pool_executor.rb:334:in `block (2 levels) in create_worker'
concurrent-ruby (1.2.2) lib/concurrent-ruby/concurrent/executor/ruby_thread_pool_executor.rb:333:in `catch'
concurrent-ruby (1.2.2) lib/concurrent-ruby/concurrent/executor/ruby_thread_pool_executor.rb:333:in `block in create_worker'
Started GET "/users/sign_up" for 127.0.0.1 at 2023-04-22 10:32:44 +0530
  [1m[36mActiveRecord::SchemaMigration Pluck (0.3ms)[0m  [1m[34mSELECT "schema_migrations"."version" FROM "schema_migrations" ORDER BY "schema_migrations"."version" ASC[0m
Processing by Devise::RegistrationsController#new as HTML
  Rendering layout layouts/application.html.erb
  Rendering E:/Programs/Ruby32-x64/lib/ruby/gems/3.2.0/gems/devise-4.9.2/app/views/devise/registrations/new.html.erb within layouts/application
  Rendered E:/Programs/Ruby32-x64/lib/ruby/gems/3.2.0/gems/devise-4.9.2/app/views/devise/shared/_error_messages.html.erb (Duration: 1.5ms | Allocations: 248)
  Rendered E:/Programs/Ruby32-x64/lib/ruby/gems/3.2.0/gems/devise-4.9.2/app/views/devise/shared/_links.html.erb (Duration: 2.9ms | Allocations: 603)
  Rendered E:/Programs/Ruby32-x64/lib/ruby/gems/3.2.0/gems/devise-4.9.2/app/views/devise/registrations/new.html.erb within layouts/application (Duration: 66.1ms | Allocations: 5751)
  Rendered layout layouts/application.html.erb (Duration: 259.5ms | Allocations: 47162)
Completed 200 OK in 378ms (Views: 297.7ms | ActiveRecord: 1.4ms | Allocations: 57705)


Started POST "/users" for 127.0.0.1 at 2023-04-22 10:33:41 +0530
Processing by Devise::RegistrationsController#create as TURBO_STREAM
  Parameters: {"authenticity_token"=>"[FILTERED]", "user"=>{"email"=>"007amalpb@gmail.com", "password"=>"[FILTERED]", "password_confirmation"=>"[FILTERED]"}, "commit"=>"Sign up"}
  [1m[36mTRANSACTION (0.1ms)[0m  [1m[36mbegin transaction[0m
  [1m[36mUser Exists? (0.4ms)[0m  [1m[34mSELECT 1 AS one FROM "users" WHERE "users"."email" = ? LIMIT ?[0m  [["email", "007amalpb@gmail.com"], ["LIMIT", 1]]
  [1m[36mUser Create (1.2ms)[0m  [1m[32mINSERT INTO "users" ("email", "encrypted_password", "reset_password_token", "reset_password_sent_at", "remember_created_at", "name", "created_at", "updated_at") VALUES (?, ?, ?, ?, ?, ?, ?, ?)[0m  [["email", "007amalpb@gmail.com"], ["encrypted_password", "[FILTERED]"], ["reset_password_token", "[FILTERED]"], ["reset_password_sent_at", "[FILTERED]"], ["remember_created_at", nil], ["name", nil], ["created_at", "2023-04-22 05:03:42.444251"], ["updated_at", "2023-04-22 05:03:42.444251"]]
  [1m[36mTRANSACTION (3.1ms)[0m  [1m[36mcommit transaction[0m
Redirected to http://127.0.0.1:3000/
Completed 303 See Other in 605ms (ActiveRecord: 4.9ms | Allocations: 11865)


Started GET "/" for 127.0.0.1 at 2023-04-22 10:33:42 +0530
Processing by Rails::WelcomeController#index as TURBO_STREAM
  Rendering E:/Programs/Ruby32-x64/lib/ruby/gems/3.2.0/gems/railties-7.0.4.3/lib/rails/templates/rails/welcome/index.html.erb
  Rendered E:/Programs/Ruby32-x64/lib/ruby/gems/3.2.0/gems/railties-7.0.4.3/lib/rails/templates/rails/welcome/index.html.erb (Duration: 2.0ms | Allocations: 280)
Completed 200 OK in 12ms (Views: 5.9ms | ActiveRecord: 0.0ms | Allocations: 974)


Started GET "/" for 127.0.0.1 at 2023-04-22 10:33:42 +0530
Processing by Rails::WelcomeController#index as HTML
  Rendering E:/Programs/Ruby32-x64/lib/ruby/gems/3.2.0/gems/railties-7.0.4.3/lib/rails/templates/rails/welcome/index.html.erb
  Rendered E:/Programs/Ruby32-x64/lib/ruby/gems/3.2.0/gems/railties-7.0.4.3/lib/rails/templates/rails/welcome/index.html.erb (Duration: 2.5ms | Allocations: 276)
Completed 200 OK in 12ms (Views: 6.8ms | ActiveRecord: 0.0ms | Allocations: 836)


Started GET "/" for 127.0.0.1 at 2023-04-22 10:37:39 +0530
  [1m[36mActiveRecord::SchemaMigration Pluck (0.4ms)[0m  [1m[34mSELECT "schema_migrations"."version" FROM "schema_migrations" ORDER BY "schema_migrations"."version" ASC[0m
  [1m[36mCACHE ActiveRecord::SchemaMigration Pluck (0.0ms)[0m  [1m[34mSELECT "schema_migrations"."version" FROM "schema_migrations" ORDER BY "schema_migrations"."version" ASC[0m
  
ActiveRecord::PendingMigrationError (

Migrations are pending. To resolve this issue, run:

        bin/rails db:migrate RAILS_ENV=development

You have 1 pending migration:

20230422050609_create_posts.rb


):
  
activerecord (7.0.4.3) lib/active_record/migration.rb:627:in `check_pending!'
activerecord (7.0.4.3) lib/active_record/migration.rb:592:in `block (2 levels) in call'
activesupport (7.0.4.3) lib/active_support/file_update_checker.rb:83:in `execute'
activerecord (7.0.4.3) lib/active_record/migration.rb:597:in `block in call'
activerecord (7.0.4.3) lib/active_record/migration.rb:589:in `synchronize'
activerecord (7.0.4.3) lib/active_record/migration.rb:589:in `call'
actionpack (7.0.4.3) lib/action_dispatch/middleware/callbacks.rb:27:in `block in call'
activesupport (7.0.4.3) lib/active_support/callbacks.rb:99:in `run_callbacks'
actionpack (7.0.4.3) lib/action_dispatch/middleware/callbacks.rb:26:in `call'
actionpack (7.0.4.3) lib/action_dispatch/middleware/executor.rb:14:in `call'
actionpack (7.0.4.3) lib/action_dispatch/middleware/actionable_exceptions.rb:17:in `call'
actionpack (7.0.4.3) lib/action_dispatch/middleware/debug_exceptions.rb:28:in `call'
web-console (4.2.0) lib/web_console/middleware.rb:132:in `call_app'
web-console (4.2.0) lib/web_console/middleware.rb:28:in `block in call'
web-console (4.2.0) lib/web_console/middleware.rb:17:in `catch'
web-console (4.2.0) lib/web_console/middleware.rb:17:in `call'
actionpack (7.0.4.3) lib/action_dispatch/middleware/show_exceptions.rb:26:in `call'
railties (7.0.4.3) lib/rails/rack/logger.rb:40:in `call_app'
railties (7.0.4.3) lib/rails/rack/logger.rb:25:in `block in call'
activesupport (7.0.4.3) lib/active_support/tagged_logging.rb:99:in `block in tagged'
activesupport (7.0.4.3) lib/active_support/tagged_logging.rb:37:in `tagged'
activesupport (7.0.4.3) lib/active_support/tagged_logging.rb:99:in `tagged'
railties (7.0.4.3) lib/rails/rack/logger.rb:25:in `call'
sprockets-rails (3.4.2) lib/sprockets/rails/quiet_assets.rb:13:in `call'
actionpack (7.0.4.3) lib/action_dispatch/middleware/remote_ip.rb:93:in `call'
actionpack (7.0.4.3) lib/action_dispatch/middleware/request_id.rb:26:in `call'
rack (2.2.6.4) lib/rack/method_override.rb:24:in `call'
rack (2.2.6.4) lib/rack/runtime.rb:22:in `call'
activesupport (7.0.4.3) lib/active_support/cache/strategy/local_cache_middleware.rb:29:in `call'
actionpack (7.0.4.3) lib/action_dispatch/middleware/server_timing.rb:61:in `block in call'
actionpack (7.0.4.3) lib/action_dispatch/middleware/server_timing.rb:26:in `collect_events'
actionpack (7.0.4.3) lib/action_dispatch/middleware/server_timing.rb:60:in `call'
actionpack (7.0.4.3) lib/action_dispatch/middleware/executor.rb:14:in `call'
actionpack (7.0.4.3) lib/action_dispatch/middleware/static.rb:23:in `call'
rack (2.2.6.4) lib/rack/sendfile.rb:110:in `call'
actionpack (7.0.4.3) lib/action_dispatch/middleware/host_authorization.rb:137:in `call'
railties (7.0.4.3) lib/rails/engine.rb:530:in `call'
puma (5.6.5) lib/puma/configuration.rb:252:in `call'
puma (5.6.5) lib/puma/request.rb:77:in `block in handle_request'
puma (5.6.5) lib/puma/thread_pool.rb:340:in `with_force_shutdown'
puma (5.6.5) lib/puma/request.rb:76:in `handle_request'
puma (5.6.5) lib/puma/server.rb:443:in `process_client'
puma (5.6.5) lib/puma/thread_pool.rb:147:in `block in spawn_thread'
  [1m[36mActiveRecord::SchemaMigration Pluck (0.4ms)[0m  [1m[34mSELECT "schema_migrations"."version" FROM "schema_migrations" ORDER BY "schema_migrations"."version" ASC[0m
Migrating to CreatePosts (20230422050609)
  [1m[36mTRANSACTION (0.1ms)[0m  [1m[36mbegin transaction[0m
  [1m[35m (1.5ms)[0m  [1m[35mCREATE TABLE "posts" ("id" integer PRIMARY KEY AUTOINCREMENT NOT NULL, "title" varchar, "body" text, "user_id" integer NOT NULL, "created_at" datetime(6) NOT NULL, "updated_at" datetime(6) NOT NULL, CONSTRAINT "fk_rails_5b5ddfd518"
FOREIGN KEY ("user_id")
  REFERENCES "users" ("id")
)[0m
  [1m[35m (0.3ms)[0m  [1m[35mCREATE INDEX "index_posts_on_user_id" ON "posts" ("user_id")[0m
  [1m[36mActiveRecord::SchemaMigration Create (0.3ms)[0m  [1m[32mINSERT INTO "schema_migrations" ("version") VALUES (?)[0m  [["version", "20230422050609"]]
  [1m[36mTRANSACTION (2.7ms)[0m  [1m[36mcommit transaction[0m
  [1m[36mActiveRecord::InternalMetadata Load (0.4ms)[0m  [1m[34mSELECT "ar_internal_metadata".* FROM "ar_internal_metadata" WHERE "ar_internal_metadata"."key" = ? LIMIT ?[0m  [["key", "environment"], ["LIMIT", 1]]
  [1m[36mActiveRecord::SchemaMigration Pluck (0.2ms)[0m  [1m[34mSELECT "schema_migrations"."version" FROM "schema_migrations" ORDER BY "schema_migrations"."version" ASC[0m
Started GET "/" for 127.0.0.1 at 2023-04-22 10:38:27 +0530
  [1m[36mActiveRecord::SchemaMigration Pluck (0.4ms)[0m  [1m[34mSELECT "schema_migrations"."version" FROM "schema_migrations" ORDER BY "schema_migrations"."version" ASC[0m
Processing by Rails::WelcomeController#index as HTML
  Rendering E:/Programs/Ruby32-x64/lib/ruby/gems/3.2.0/gems/railties-7.0.4.3/lib/rails/templates/rails/welcome/index.html.erb
  Rendered E:/Programs/Ruby32-x64/lib/ruby/gems/3.2.0/gems/railties-7.0.4.3/lib/rails/templates/rails/welcome/index.html.erb (Duration: 4.7ms | Allocations: 525)
Completed 200 OK in 55ms (Views: 18.5ms | ActiveRecord: 0.0ms | Allocations: 3893)


Started GET "/posts" for 127.0.0.1 at 2023-04-22 10:38:35 +0530
Processing by PostsController#index as HTML
  [1m[36mUser Load (0.5ms)[0m  [1m[34mSELECT "users".* FROM "users" WHERE "users"."id" = ? ORDER BY "users"."id" ASC LIMIT ?[0m  [["id", 1], ["LIMIT", 1]]
  Rendering layout layouts/application.html.erb
  Rendering posts/index.html.erb within layouts/application
  [1m[36mPost Load (0.4ms)[0m  [1m[34mSELECT "posts".* FROM "posts"[0m
  ↳ app/views/posts/index.html.erb:6
  Rendered posts/index.html.erb within layouts/application (Duration: 5.3ms | Allocations: 1059)
  Rendered layout layouts/application.html.erb (Duration: 193.8ms | Allocations: 42507)
Completed 200 OK in 327ms (Views: 203.1ms | ActiveRecord: 2.7ms | Allocations: 55050)


Started GET "/posts/new" for 127.0.0.1 at 2023-04-22 10:38:41 +0530
Processing by PostsController#new as HTML
  [1m[36mUser Load (0.3ms)[0m  [1m[34mSELECT "users".* FROM "users" WHERE "users"."id" = ? ORDER BY "users"."id" ASC LIMIT ?[0m  [["id", 1], ["LIMIT", 1]]
  Rendering layout layouts/application.html.erb
  Rendering posts/new.html.erb within layouts/application
  Rendered posts/_form.html.erb (Duration: 46.8ms | Allocations: 3950)
  Rendered posts/new.html.erb within layouts/application (Duration: 50.9ms | Allocations: 4274)
  Rendered layout layouts/application.html.erb (Duration: 66.0ms | Allocations: 6986)
Completed 200 OK in 110ms (Views: 68.1ms | ActiveRecord: 1.7ms | Allocations: 11754)


Started GET "/posts/new" for 127.0.0.1 at 2023-04-22 10:39:35 +0530
Processing by PostsController#new as HTML
  [1m[36mUser Load (0.1ms)[0m  [1m[34mSELECT "users".* FROM "users" WHERE "users"."id" = ? ORDER BY "users"."id" ASC LIMIT ?[0m  [["id", 1], ["LIMIT", 1]]
  Rendering layout layouts/application.html.erb
  Rendering posts/new.html.erb within layouts/application
  Rendered posts/_form.html.erb (Duration: 2.3ms | Allocations: 1229)
  Rendered posts/new.html.erb within layouts/application (Duration: 4.7ms | Allocations: 1532)
  Rendered layout layouts/application.html.erb (Duration: 16.6ms | Allocations: 4515)
Completed 200 OK in 31ms (Views: 22.6ms | ActiveRecord: 0.1ms | Allocations: 6603)


  [1m[36mActiveRecord::SchemaMigration Pluck (0.4ms)[0m  [1m[34mSELECT "schema_migrations"."version" FROM "schema_migrations" ORDER BY "schema_migrations"."version" ASC[0m
Migrating to AddDefaultUser (20230422051044)
  [1m[36mTRANSACTION (0.2ms)[0m  [1m[36mbegin transaction[0m
  [1m[36mActiveRecord::SchemaMigration Create (1.6ms)[0m  [1m[32mINSERT INTO "schema_migrations" ("version") VALUES (?)[0m  [["version", "20230422051044"]]
  [1m[36mTRANSACTION (2.3ms)[0m  [1m[36mcommit transaction[0m
  [1m[36mActiveRecord::InternalMetadata Load (0.4ms)[0m  [1m[34mSELECT "ar_internal_metadata".* FROM "ar_internal_metadata" WHERE "ar_internal_metadata"."key" = ? LIMIT ?[0m  [["key", "environment"], ["LIMIT", 1]]
  [1m[36mActiveRecord::SchemaMigration Pluck (0.3ms)[0m  [1m[34mSELECT "schema_migrations"."version" FROM "schema_migrations" ORDER BY "schema_migrations"."version" ASC[0m
Started GET "/" for 127.0.0.1 at 2023-04-23 10:18:33 +0530
  [1m[36mActiveRecord::SchemaMigration Pluck (0.6ms)[0m  [1m[34mSELECT "schema_migrations"."version" FROM "schema_migrations" ORDER BY "schema_migrations"."version" ASC[0m
Processing by HomeController#page as HTML
Completed 401 Unauthorized in 378ms (ActiveRecord: 0.0ms | Allocations: 2630)


Started GET "/users/sign_in" for 127.0.0.1 at 2023-04-23 10:18:36 +0530
Processing by Devise::SessionsController#new as HTML
  Rendering layout layouts/application.html.erb
  Rendering E:/Programs/Ruby32-x64/lib/ruby/gems/3.2.0/gems/devise-4.9.2/app/views/devise/sessions/new.html.erb within layouts/application
  Rendered E:/Programs/Ruby32-x64/lib/ruby/gems/3.2.0/gems/devise-4.9.2/app/views/devise/shared/_links.html.erb (Duration: 176.2ms | Allocations: 729)
  Rendered E:/Programs/Ruby32-x64/lib/ruby/gems/3.2.0/gems/devise-4.9.2/app/views/devise/sessions/new.html.erb within layouts/application (Duration: 641.7ms | Allocations: 4284)
  Rendered layout layouts/application.html.erb (Duration: 2056.7ms | Allocations: 45627)
Completed 200 OK in 2537ms (Views: 2421.6ms | ActiveRecord: 2.2ms | Allocations: 54645)


Started GET "/" for 127.0.0.1 at 2023-04-23 10:20:30 +0530
Processing by HomeController#page as HTML
  Rendering layout layouts/application.html.erb
  Rendering home/page.html.erb within layouts/application
  Rendered home/page.html.erb within layouts/application (Duration: 1.7ms | Allocations: 112)
  Rendered layout layouts/application.html.erb (Duration: 81.0ms | Allocations: 16937)
Completed 200 OK in 102ms (Views: 94.9ms | Allocations: 17715)


Started GET "/1" for 127.0.0.1 at 2023-04-23 10:20:45 +0530
  
ActionController::RoutingError (No route matches [GET] "/1"):
  
Started GET "/" for 127.0.0.1 at 2023-04-23 10:37:01 +0530
Processing by HomeController#page as HTML
  Rendering layout layouts/application.html.erb
  Rendering home/page.html.erb within layouts/application
  Rendered home/page.html.erb within layouts/application (Duration: 6.6ms | Allocations: 417)
  Rendered layout layouts/application.html.erb (Duration: 50.7ms | Allocations: 3435)
Completed 200 OK in 98ms (Views: 80.5ms | Allocations: 4228)


Started GET "/users/sign_up" for 127.0.0.1 at 2023-04-23 10:37:08 +0530
Processing by Devise::RegistrationsController#new as HTML
  Rendering layout layouts/application.html.erb
  Rendering E:/Programs/Ruby32-x64/lib/ruby/gems/3.2.0/gems/devise-4.9.2/app/views/devise/registrations/new.html.erb within layouts/application
  Rendered E:/Programs/Ruby32-x64/lib/ruby/gems/3.2.0/gems/devise-4.9.2/app/views/devise/shared/_error_messages.html.erb (Duration: 35.4ms | Allocations: 235)
  Rendered E:/Programs/Ruby32-x64/lib/ruby/gems/3.2.0/gems/devise-4.9.2/app/views/devise/shared/_links.html.erb (Duration: 5.5ms | Allocations: 588)
  Rendered E:/Programs/Ruby32-x64/lib/ruby/gems/3.2.0/gems/devise-4.9.2/app/views/devise/registrations/new.html.erb within layouts/application (Duration: 148.1ms | Allocations: 2673)
  Rendered layout layouts/application.html.erb (Duration: 172.3ms | Allocations: 5412)
Completed 200 OK in 223ms (Views: 197.5ms | ActiveRecord: 3.4ms | Allocations: 9412)


Started POST "/users" for 127.0.0.1 at 2023-04-23 10:37:18 +0530
Processing by Devise::RegistrationsController#create as TURBO_STREAM
  Parameters: {"authenticity_token"=>"[FILTERED]", "user"=>{"email"=>"007amalpb@gmail.com", "password"=>"[FILTERED]", "password_confirmation"=>"[FILTERED]"}, "commit"=>"Sign up"}
  [1m[36mTRANSACTION (0.1ms)[0m  [1m[36mbegin transaction[0m
  [1m[36mUser Exists? (2.1ms)[0m  [1m[34mSELECT 1 AS one FROM "users" WHERE "users"."email" = ? LIMIT ?[0m  [["email", "007amalpb@gmail.com"], ["LIMIT", 1]]
  [1m[36mTRANSACTION (0.1ms)[0m  [1m[31mrollback transaction[0m
  Rendering layout layouts/application.html.erb
  Rendering E:/Programs/Ruby32-x64/lib/ruby/gems/3.2.0/gems/devise-4.9.2/app/views/devise/registrations/new.html.erb within layouts/application
  Rendered E:/Programs/Ruby32-x64/lib/ruby/gems/3.2.0/gems/devise-4.9.2/app/views/devise/shared/_error_messages.html.erb (Duration: 4.3ms | Allocations: 568)
  Rendered E:/Programs/Ruby32-x64/lib/ruby/gems/3.2.0/gems/devise-4.9.2/app/views/devise/shared/_links.html.erb (Duration: 0.4ms | Allocations: 78)
  Rendered E:/Programs/Ruby32-x64/lib/ruby/gems/3.2.0/gems/devise-4.9.2/app/views/devise/registrations/new.html.erb within layouts/application (Duration: 14.4ms | Allocations: 2334)
  Rendered layout layouts/application.html.erb (Duration: 48.7ms | Allocations: 4999)
Completed 422 Unprocessable Entity in 872ms (Views: 51.2ms | ActiveRecord: 2.4ms | Allocations: 13100)


Started GET "/users/sign_in" for 127.0.0.1 at 2023-04-23 10:37:26 +0530
Processing by Devise::SessionsController#new as HTML
  Rendering layout layouts/application.html.erb
  Rendering E:/Programs/Ruby32-x64/lib/ruby/gems/3.2.0/gems/devise-4.9.2/app/views/devise/sessions/new.html.erb within layouts/application
  Rendered E:/Programs/Ruby32-x64/lib/ruby/gems/3.2.0/gems/devise-4.9.2/app/views/devise/shared/_links.html.erb (Duration: 0.5ms | Allocations: 155)
  Rendered E:/Programs/Ruby32-x64/lib/ruby/gems/3.2.0/gems/devise-4.9.2/app/views/devise/sessions/new.html.erb within layouts/application (Duration: 8.7ms | Allocations: 1643)
  Rendered layout layouts/application.html.erb (Duration: 32.0ms | Allocations: 4391)
Completed 200 OK in 58ms (Views: 48.8ms | ActiveRecord: 0.0ms | Allocations: 5652)


Started POST "/users/sign_in" for 127.0.0.1 at 2023-04-23 10:37:34 +0530
Processing by Devise::SessionsController#create as TURBO_STREAM
  Parameters: {"authenticity_token"=>"[FILTERED]", "user"=>{"email"=>"007amalpb@gmail.com", "password"=>"[FILTERED]", "remember_me"=>"0"}, "commit"=>"Log in"}
  [1m[36mUser Load (0.9ms)[0m  [1m[34mSELECT "users".* FROM "users" WHERE "users"."email" = ? ORDER BY "users"."id" ASC LIMIT ?[0m  [["email", "007amalpb@gmail.com"], ["LIMIT", 1]]
Redirected to http://127.0.0.1:3000/
Completed 303 See Other in 616ms (ActiveRecord: 0.9ms | Allocations: 3254)


Started GET "/" for 127.0.0.1 at 2023-04-23 10:37:35 +0530
Processing by HomeController#page as TURBO_STREAM
  Rendering layout layouts/application.html.erb
  Rendering home/page.html.erb within layouts/application
  [1m[36mUser Load (0.4ms)[0m  [1m[34mSELECT "users".* FROM "users" WHERE "users"."id" = ? ORDER BY "users"."id" ASC LIMIT ?[0m  [["id", 1], ["LIMIT", 1]]
  ↳ app/views/home/page.html.erb:3
  Rendered home/page.html.erb within layouts/application (Duration: 8.4ms | Allocations: 1028)
  Rendered layout layouts/application.html.erb (Duration: 27.2ms | Allocations: 3717)
Completed 200 OK in 34ms (Views: 29.2ms | ActiveRecord: 0.4ms | Allocations: 4059)


Started GET "/" for 127.0.0.1 at 2023-04-23 10:37:50 +0530
Processing by HomeController#page as HTML
  Rendering layout layouts/application.html.erb
  Rendering home/page.html.erb within layouts/application
  [1m[36mUser Load (0.4ms)[0m  [1m[34mSELECT "users".* FROM "users" WHERE "users"."id" = ? ORDER BY "users"."id" ASC LIMIT ?[0m  [["id", 1], ["LIMIT", 1]]
  ↳ app/views/home/page.html.erb:3
  Rendered home/page.html.erb within layouts/application (Duration: 8.8ms | Allocations: 1097)
  Rendered layout layouts/application.html.erb (Duration: 29.1ms | Allocations: 4080)
Completed 200 OK in 48ms (Views: 41.6ms | ActiveRecord: 0.4ms | Allocations: 4867)


  [1m[36mUser Load (0.3ms)[0m  [1m[34mSELECT "users".* FROM "users"[0m
Started GET "/" for 127.0.0.1 at 2023-04-23 10:56:25 +0530
  [1m[36mActiveRecord::SchemaMigration Pluck (0.9ms)[0m  [1m[34mSELECT "schema_migrations"."version" FROM "schema_migrations" ORDER BY "schema_migrations"."version" ASC[0m
Processing by HomeController#page as HTML
  Rendering layout layouts/application.html.erb
  Rendering home/page.html.erb within layouts/application
  [1m[36mUser Load (1.0ms)[0m  [1m[34mSELECT "users".* FROM "users" WHERE "users"."id" = ? ORDER BY "users"."id" ASC LIMIT ?[0m  [["id", 1], ["LIMIT", 1]]
  ↳ app/views/home/page.html.erb:3
  Rendered home/page.html.erb within layouts/application (Duration: 155.1ms | Allocations: 9373)
  Rendered layout layouts/application.html.erb (Duration: 521.0ms | Allocations: 51038)
Completed 200 OK in 690ms (Views: 571.9ms | ActiveRecord: 5.2ms | Allocations: 54708)


Started GET "/users/sign_up" for 127.0.0.1 at 2023-04-23 10:56:30 +0530
Processing by Devise::RegistrationsController#new as HTML
  [1m[36mUser Load (0.4ms)[0m  [1m[34mSELECT "users".* FROM "users" WHERE "users"."id" = ? ORDER BY "users"."id" ASC LIMIT ?[0m  [["id", 1], ["LIMIT", 1]]
Redirected to http://127.0.0.1:3000/
Filter chain halted as :require_no_authentication rendered or redirected
Completed 302 Found in 41ms (ActiveRecord: 0.4ms | Allocations: 3158)


Started GET "/" for 127.0.0.1 at 2023-04-23 10:56:30 +0530
Processing by HomeController#page as HTML
  Rendering layout layouts/application.html.erb
  Rendering home/page.html.erb within layouts/application
  [1m[36mUser Load (0.3ms)[0m  [1m[34mSELECT "users".* FROM "users" WHERE "users"."id" = ? ORDER BY "users"."id" ASC LIMIT ?[0m  [["id", 1], ["LIMIT", 1]]
  ↳ app/views/home/page.html.erb:3
  Rendered home/page.html.erb within layouts/application (Duration: 6.0ms | Allocations: 966)
  Rendered layout layouts/application.html.erb (Duration: 26.1ms | Allocations: 3652)
Completed 200 OK in 35ms (Views: 28.4ms | ActiveRecord: 0.3ms | Allocations: 3950)


Started GET "/" for 127.0.0.1 at 2023-04-23 11:01:13 +0530
Processing by HomeController#page as HTML
  Rendering layout layouts/application.html.erb
  Rendering home/page.html.erb within layouts/application
  [1m[36mUser Load (0.9ms)[0m  [1m[34mSELECT "users".* FROM "users" WHERE "users"."id" = ? ORDER BY "users"."id" ASC LIMIT ?[0m  [["id", 1], ["LIMIT", 1]]
  ↳ app/views/home/page.html.erb:3
  Rendered home/page.html.erb within layouts/application (Duration: 22.5ms | Allocations: 1202)
  Rendered layout layouts/application.html.erb (Duration: 69.0ms | Allocations: 4184)
Completed 200 OK in 115ms (Views: 96.7ms | ActiveRecord: 0.9ms | Allocations: 4977)


Started DELETE "/users/sign_out" for 127.0.0.1 at 2023-04-23 11:01:17 +0530
Processing by Devise::SessionsController#destroy as TURBO_STREAM
  [1m[36mUser Load (0.4ms)[0m  [1m[34mSELECT "users".* FROM "users" WHERE "users"."id" = ? ORDER BY "users"."id" ASC LIMIT ?[0m  [["id", 1], ["LIMIT", 1]]
Redirected to http://127.0.0.1:3000/
Completed 303 See Other in 119ms (ActiveRecord: 0.4ms | Allocations: 3266)


Started GET "/" for 127.0.0.1 at 2023-04-23 11:01:17 +0530
Processing by HomeController#page as TURBO_STREAM
  Rendering layout layouts/application.html.erb
  Rendering home/page.html.erb within layouts/application
  Rendered home/page.html.erb within layouts/application (Duration: 5.4ms | Allocations: 358)
  Rendered layout layouts/application.html.erb (Duration: 28.2ms | Allocations: 3049)
Completed 200 OK in 39ms (Views: 31.3ms | ActiveRecord: 0.0ms | Allocations: 3390)


Started GET "/users/sign_up" for 127.0.0.1 at 2023-04-23 11:01:24 +0530
Processing by Devise::RegistrationsController#new as HTML
  Rendering layout layouts/application.html.erb
  Rendering devise/registrations/new.html.erb within layouts/application
  Rendered devise/shared/_error_messages.html.erb (Duration: 1.5ms | Allocations: 243)
  Rendered devise/shared/_links.html.erb (Duration: 6.4ms | Allocations: 597)
  Rendered devise/registrations/new.html.erb within layouts/application (Duration: 74.0ms | Allocations: 4215)
  Rendered layout layouts/application.html.erb (Duration: 109.5ms | Allocations: 6970)
Completed 200 OK in 135ms (Views: 128.2ms | ActiveRecord: 0.0ms | Allocations: 8131)


Started POST "/users" for 127.0.0.1 at 2023-04-23 11:01:41 +0530
Processing by Devise::RegistrationsController#create as TURBO_STREAM
  Parameters: {"authenticity_token"=>"[FILTERED]", "user"=>{"email"=>"007amalpkb@gmail.com", "name"=>"amal", "password"=>"[FILTERED]", "password_confirmation"=>"[FILTERED]"}, "commit"=>"Sign up"}
[31mUnpermitted parameter: :name. Context: { controller: Devise::RegistrationsController, action: create, request: #<ActionDispatch::Request:0x0000018a3c29d340>, params: {"authenticity_token"=>"[FILTERED]", "user"=>{"email"=>"007amalpkb@gmail.com", "name"=>"amal", "password"=>"[FILTERED]", "password_confirmation"=>"[FILTERED]"}, "commit"=>"Sign up", "controller"=>"devise/registrations", "action"=>"create"} }[0m
  [1m[36mTRANSACTION (0.2ms)[0m  [1m[36mbegin transaction[0m
  [1m[36mUser Exists? (0.6ms)[0m  [1m[34mSELECT 1 AS one FROM "users" WHERE "users"."email" = ? LIMIT ?[0m  [["email", "007amalpkb@gmail.com"], ["LIMIT", 1]]
  [1m[36mUser Create (4.6ms)[0m  [1m[32mINSERT INTO "users" ("email", "encrypted_password", "reset_password_token", "reset_password_sent_at", "remember_created_at", "name", "created_at", "updated_at") VALUES (?, ?, ?, ?, ?, ?, ?, ?)[0m  [["email", "007amalpkb@gmail.com"], ["encrypted_password", "[FILTERED]"], ["reset_password_token", "[FILTERED]"], ["reset_password_sent_at", "[FILTERED]"], ["remember_created_at", nil], ["name", nil], ["created_at", "2023-04-23 05:31:42.434495"], ["updated_at", "2023-04-23 05:31:42.434495"]]
  [1m[36mTRANSACTION (2.9ms)[0m  [1m[36mcommit transaction[0m
Redirected to http://127.0.0.1:3000/
Completed 303 See Other in 701ms (ActiveRecord: 8.2ms | Allocations: 8963)


Started GET "/" for 127.0.0.1 at 2023-04-23 11:01:42 +0530
Processing by HomeController#page as TURBO_STREAM
  Rendering layout layouts/application.html.erb
  Rendering home/page.html.erb within layouts/application
  [1m[36mUser Load (0.4ms)[0m  [1m[34mSELECT "users".* FROM "users" WHERE "users"."id" = ? ORDER BY "users"."id" ASC LIMIT ?[0m  [["id", 2], ["LIMIT", 1]]
  ↳ app/views/home/page.html.erb:3
  Rendered home/page.html.erb within layouts/application (Duration: 5.9ms | Allocations: 1032)
  Rendered layout layouts/application.html.erb (Duration: 25.7ms | Allocations: 3744)
Completed 200 OK in 33ms (Views: 27.9ms | ActiveRecord: 0.4ms | Allocations: 4044)


  [1m[36mUser Load (0.3ms)[0m  [1m[34mSELECT "users".* FROM "users"[0m
Started GET "/" for 127.0.0.1 at 2023-04-23 11:05:49 +0530
Processing by HomeController#page as HTML
  Rendering layout layouts/application.html.erb
  Rendering home/page.html.erb within layouts/application
  [1m[36mUser Load (1.1ms)[0m  [1m[34mSELECT "users".* FROM "users" WHERE "users"."id" = ? ORDER BY "users"."id" ASC LIMIT ?[0m  [["id", 2], ["LIMIT", 1]]
  ↳ app/views/home/page.html.erb:3
  Rendered home/page.html.erb within layouts/application (Duration: 40.1ms | Allocations: 3943)
  Rendered layout layouts/application.html.erb (Duration: 201.6ms | Allocations: 20566)
Completed 200 OK in 243ms (Views: 211.7ms | ActiveRecord: 7.2ms | Allocations: 21906)


Started DELETE "/users/sign_out" for 127.0.0.1 at 2023-04-23 11:05:57 +0530
Processing by Devise::SessionsController#destroy as TURBO_STREAM
  [1m[36mUser Load (0.4ms)[0m  [1m[34mSELECT "users".* FROM "users" WHERE "users"."id" = ? ORDER BY "users"."id" ASC LIMIT ?[0m  [["id", 2], ["LIMIT", 1]]
Redirected to http://127.0.0.1:3000/
Completed 303 See Other in 25ms (ActiveRecord: 0.4ms | Allocations: 2237)


Started GET "/" for 127.0.0.1 at 2023-04-23 11:05:57 +0530
Processing by HomeController#page as TURBO_STREAM
  Rendering layout layouts/application.html.erb
  Rendering home/page.html.erb within layouts/application
  Rendered home/page.html.erb within layouts/application (Duration: 1.2ms | Allocations: 272)
  Rendered layout layouts/application.html.erb (Duration: 22.2ms | Allocations: 2991)
Completed 200 OK in 30ms (Views: 24.6ms | ActiveRecord: 0.0ms | Allocations: 3293)


Started GET "/users/sign_up" for 127.0.0.1 at 2023-04-23 11:06:03 +0530
Processing by Devise::RegistrationsController#new as HTML
  Rendering layout layouts/application.html.erb
  Rendering devise/registrations/new.html.erb within layouts/application
  Rendered devise/shared/_error_messages.html.erb (Duration: 0.1ms | Allocations: 17)
  Rendered devise/shared/_links.html.erb (Duration: 0.7ms | Allocations: 99)
  Rendered devise/registrations/new.html.erb within layouts/application (Duration: 10.5ms | Allocations: 1536)
  Rendered layout layouts/application.html.erb (Duration: 31.5ms | Allocations: 4302)
Completed 200 OK in 44ms (Views: 36.1ms | ActiveRecord: 0.0ms | Allocations: 5351)


Started POST "/users" for 127.0.0.1 at 2023-04-23 11:06:21 +0530
Processing by Devise::RegistrationsController#create as TURBO_STREAM
  Parameters: {"authenticity_token"=>"[FILTERED]", "user"=>{"email"=>"007ajanjnmalpb@gmail.com", "name"=>"akin", "password"=>"[FILTERED]", "password_confirmation"=>"[FILTERED]"}, "commit"=>"Sign up"}
  [1m[36mTRANSACTION (0.1ms)[0m  [1m[36mbegin transaction[0m
  [1m[36mUser Exists? (0.6ms)[0m  [1m[34mSELECT 1 AS one FROM "users" WHERE "users"."email" = ? LIMIT ?[0m  [["email", "007ajanjnmalpb@gmail.com"], ["LIMIT", 1]]
  [1m[36mUser Create (3.5ms)[0m  [1m[32mINSERT INTO "users" ("email", "encrypted_password", "reset_password_token", "reset_password_sent_at", "remember_created_at", "name", "created_at", "updated_at") VALUES (?, ?, ?, ?, ?, ?, ?, ?)[0m  [["email", "007ajanjnmalpb@gmail.com"], ["encrypted_password", "[FILTERED]"], ["reset_password_token", "[FILTERED]"], ["reset_password_sent_at", "[FILTERED]"], ["remember_created_at", nil], ["name", "akin"], ["created_at", "2023-04-23 05:36:22.382307"], ["updated_at", "2023-04-23 05:36:22.382307"]]
  [1m[36mTRANSACTION (4.0ms)[0m  [1m[36mcommit transaction[0m
Redirected to http://127.0.0.1:3000/
Completed 303 See Other in 749ms (ActiveRecord: 8.1ms | Allocations: 6085)


Started GET "/" for 127.0.0.1 at 2023-04-23 11:06:22 +0530
Processing by HomeController#page as TURBO_STREAM
  Rendering layout layouts/application.html.erb
  Rendering home/page.html.erb within layouts/application
  [1m[36mUser Load (0.3ms)[0m  [1m[34mSELECT "users".* FROM "users" WHERE "users"."id" = ? ORDER BY "users"."id" ASC LIMIT ?[0m  [["id", 3], ["LIMIT", 1]]
  ↳ app/views/home/page.html.erb:3
  Rendered home/page.html.erb within layouts/application (Duration: 6.6ms | Allocations: 1001)
  Rendered layout layouts/application.html.erb (Duration: 25.7ms | Allocations: 3679)
Completed 200 OK in 33ms (Views: 28.1ms | ActiveRecord: 0.3ms | Allocations: 3979)


  [1m[36mUser Load (0.3ms)[0m  [1m[34mSELECT "users".* FROM "users"[0m
  [1m[36mUser Load (0.4ms)[0m  [1m[34mSELECT "users".* FROM "users"[0m
  [1m[36mUser Load (0.2ms)[0m  [1m[34mSELECT "users".* FROM "users"[0m
  [1m[36mUser Load (0.3ms)[0m  [1m[34mSELECT "users".* FROM "users"[0m
  [1m[36mUser Load (0.3ms)[0m  [1m[34mSELECT "users".* FROM "users"[0m
  [1m[36mUser Load (0.3ms)[0m  [1m[34mSELECT "users".* FROM "users"[0m
  [1m[36mUser Load (0.3ms)[0m  [1m[34mSELECT "users".* FROM "users"[0m
  [1m[36mUser Load (0.4ms)[0m  [1m[34mSELECT "users".* FROM "users"[0m
  [1m[36mUser Load (0.3ms)[0m  [1m[34mSELECT "users".* FROM "users"[0m
  [1m[36mUser Load (0.3ms)[0m  [1m[34mSELECT "users".* FROM "users"[0m
  [1m[36mUser Load (0.3ms)[0m  [1m[34mSELECT "users".* FROM "users"[0m
  [1m[36mActiveRecord::SchemaMigration Pluck (0.4ms)[0m  [1m[34mSELECT "schema_migrations"."version" FROM "schema_migrations" ORDER BY "schema_migrations"."version" ASC[0m
Migrating to RemoveForeignKeyConstraintFromPosts (20230423073520)
  [1m[36mTRANSACTION (0.1ms)[0m  [1m[36mbegin transaction[0m
  [1m[35m (0.1ms)[0m  [1m[35mPRAGMA foreign_keys[0m
  [1m[35m (0.1ms)[0m  [1m[35mPRAGMA defer_foreign_keys[0m
  [1m[35m (0.1ms)[0m  [1m[35mPRAGMA defer_foreign_keys = ON[0m
  [1m[35m (0.1ms)[0m  [1m[35mPRAGMA foreign_keys = OFF[0m
  [1m[35m (1.8ms)[0m  [1m[35mCREATE TEMPORARY TABLE "aposts" ("id" integer NOT NULL PRIMARY KEY, "title" varchar DEFAULT NULL, "body" text DEFAULT NULL, "user_id" integer NOT NULL, "created_at" datetime(6) NOT NULL, "updated_at" datetime(6) NOT NULL)[0m
  [1m[35m (0.2ms)[0m  [1m[35mCREATE INDEX "tindex_aposts_on_user_id" ON "aposts" ("user_id")[0m
  [1m[35m (0.2ms)[0m  [1m[32mINSERT INTO "aposts" ("id","title","body","user_id","created_at","updated_at")
                     SELECT "id","title","body","user_id","created_at","updated_at" FROM "posts"[0m
  [1m[35m (1.7ms)[0m  [1m[35mDROP TABLE "posts"[0m
  [1m[35m (0.2ms)[0m  [1m[35mCREATE TABLE "posts" ("id" integer NOT NULL PRIMARY KEY, "title" varchar DEFAULT NULL, "body" text DEFAULT NULL, "user_id" integer NOT NULL, "created_at" datetime(6) NOT NULL, "updated_at" datetime(6) NOT NULL)[0m
  [1m[35m (0.2ms)[0m  [1m[35mCREATE INDEX "index_posts_on_user_id" ON "posts" ("user_id")[0m
  [1m[35m (0.2ms)[0m  [1m[32mINSERT INTO "posts" ("id","title","body","user_id","created_at","updated_at")
                     SELECT "id","title","body","user_id","created_at","updated_at" FROM "aposts"[0m
  [1m[35m (0.4ms)[0m  [1m[35mDROP TABLE "aposts"[0m
  [1m[35m (0.1ms)[0m  [1m[35mPRAGMA defer_foreign_keys = 0[0m
  [1m[35m (0.1ms)[0m  [1m[35mPRAGMA foreign_keys = 1[0m
  [1m[36mActiveRecord::SchemaMigration Create (0.6ms)[0m  [1m[32mINSERT INTO "schema_migrations" ("version") VALUES (?)[0m  [["version", "20230423073520"]]
  [1m[36mTRANSACTION (3.8ms)[0m  [1m[36mcommit transaction[0m
  [1m[36mActiveRecord::InternalMetadata Load (0.4ms)[0m  [1m[34mSELECT "ar_internal_metadata".* FROM "ar_internal_metadata" WHERE "ar_internal_metadata"."key" = ? LIMIT ?[0m  [["key", "environment"], ["LIMIT", 1]]
  [1m[36mActiveRecord::SchemaMigration Pluck (0.2ms)[0m  [1m[34mSELECT "schema_migrations"."version" FROM "schema_migrations" ORDER BY "schema_migrations"."version" ASC[0m
  [1m[36mUser Load (0.9ms)[0m  [1m[34mSELECT "users".* FROM "users"[0m
  [1m[36mUser Load (0.2ms)[0m  [1m[34mSELECT "users".* FROM "users" ORDER BY "users"."id" ASC LIMIT ?[0m  [["LIMIT", 1]]
  [1m[36mUser Load (0.2ms)[0m  [1m[34mSELECT "users".* FROM "users" ORDER BY "users"."id" ASC LIMIT ?[0m  [["LIMIT", 1]]
  [1m[36mUser Load (0.2ms)[0m  [1m[34mSELECT "users".* FROM "users"[0m
  [1m[36mActiveRecord::SchemaMigration Pluck (0.1ms)[0m  [1m[34mSELECT "schema_migrations"."version" FROM "schema_migrations" ORDER BY "schema_migrations"."version" ASC[0m
Migrating to RemoveForeignKeyConstraintFromPosts2 (20230423074313)
  [1m[36mTRANSACTION (0.1ms)[0m  [1m[36mbegin transaction[0m
  [1m[35m (0.0ms)[0m  [1m[35mPRAGMA foreign_keys[0m
  [1m[35m (0.0ms)[0m  [1m[35mPRAGMA defer_foreign_keys[0m
  [1m[35m (0.0ms)[0m  [1m[35mPRAGMA defer_foreign_keys = ON[0m
  [1m[35m (0.1ms)[0m  [1m[35mPRAGMA foreign_keys = OFF[0m
  [1m[35m (0.0ms)[0m  [1m[35mPRAGMA defer_foreign_keys = 0[0m
  [1m[35m (0.1ms)[0m  [1m[35mPRAGMA foreign_keys = 1[0m
  [1m[36mTRANSACTION (0.1ms)[0m  [1m[31mrollback transaction[0m
  [1m[36mActiveRecord::SchemaMigration Pluck (0.3ms)[0m  [1m[34mSELECT "schema_migrations"."version" FROM "schema_migrations" ORDER BY "schema_migrations"."version" ASC[0m
Migrating to RemoveForeignKeyConstraintFromPosts2 (20230423074313)
  [1m[36mTRANSACTION (0.1ms)[0m  [1m[36mbegin transaction[0m
  [1m[35m (0.1ms)[0m  [1m[35mPRAGMA foreign_keys[0m
  [1m[35m (0.1ms)[0m  [1m[35mPRAGMA defer_foreign_keys[0m
  [1m[35m (0.1ms)[0m  [1m[35mPRAGMA defer_foreign_keys = ON[0m
  [1m[35m (0.1ms)[0m  [1m[35mPRAGMA foreign_keys = OFF[0m
  [1m[35m (0.4ms)[0m  [1m[35mCREATE TEMPORARY TABLE "aposts" ("id" integer NOT NULL PRIMARY KEY, "title" varchar DEFAULT NULL, "body" text DEFAULT NULL, "user_id" integer NOT NULL, "created_at" datetime(6) NOT NULL, "updated_at" datetime(6) NOT NULL)[0m
  [1m[35m (0.2ms)[0m  [1m[35mCREATE INDEX "tindex_aposts_on_user_id" ON "aposts" ("user_id")[0m
  [1m[35m (0.1ms)[0m  [1m[32mINSERT INTO "aposts" ("id","title","body","user_id","created_at","updated_at")
                     SELECT "id","title","body","user_id","created_at","updated_at" FROM "posts"[0m
  [1m[35m (1.4ms)[0m  [1m[35mDROP TABLE "posts"[0m
  [1m[35m (0.3ms)[0m  [1m[35mCREATE TABLE "posts" ("id" integer NOT NULL PRIMARY KEY, "title" varchar DEFAULT NULL, "body" text DEFAULT NULL, "created_at" datetime(6) NOT NULL, "updated_at" datetime(6) NOT NULL)[0m
  [1m[35m (0.2ms)[0m  [1m[32mINSERT INTO "posts" ("id","title","body","created_at","updated_at")
                     SELECT "id","title","body","created_at","updated_at" FROM "aposts"[0m
  [1m[35m (0.3ms)[0m  [1m[35mDROP TABLE "aposts"[0m
  [1m[35m (0.1ms)[0m  [1m[35mPRAGMA defer_foreign_keys = 0[0m
  [1m[35m (0.1ms)[0m  [1m[35mPRAGMA foreign_keys = 1[0m
  [1m[36mActiveRecord::SchemaMigration Create (0.3ms)[0m  [1m[32mINSERT INTO "schema_migrations" ("version") VALUES (?)[0m  [["version", "20230423074313"]]
  [1m[36mTRANSACTION (2.1ms)[0m  [1m[36mcommit transaction[0m
  [1m[36mActiveRecord::InternalMetadata Load (0.4ms)[0m  [1m[34mSELECT "ar_internal_metadata".* FROM "ar_internal_metadata" WHERE "ar_internal_metadata"."key" = ? LIMIT ?[0m  [["key", "environment"], ["LIMIT", 1]]
  [1m[36mActiveRecord::SchemaMigration Pluck (0.2ms)[0m  [1m[34mSELECT "schema_migrations"."version" FROM "schema_migrations" ORDER BY "schema_migrations"."version" ASC[0m
  [1m[36mPost Load (0.1ms)[0m  [1m[34mSELECT "posts".* FROM "posts"[0m
  [1m[36mUser Load (0.5ms)[0m  [1m[34mSELECT "users".* FROM "users"[0m
  [1m[36mUser Load (0.2ms)[0m  [1m[34mSELECT "users".* FROM "users"[0m
  [1m[36mTRANSACTION (0.1ms)[0m  [1m[36mbegin transaction[0m
  [1m[36mUser Destroy (2.0ms)[0m  [1m[31mDELETE FROM "users" WHERE "users"."id" = ?[0m  [["id", 1]]
  [1m[36mTRANSACTION (2.5ms)[0m  [1m[36mcommit transaction[0m
  [1m[36mTRANSACTION (0.1ms)[0m  [1m[36mbegin transaction[0m
  [1m[36mUser Destroy (0.7ms)[0m  [1m[31mDELETE FROM "users" WHERE "users"."id" = ?[0m  [["id", 2]]
  [1m[36mTRANSACTION (1.8ms)[0m  [1m[36mcommit transaction[0m
  [1m[36mTRANSACTION (0.1ms)[0m  [1m[36mbegin transaction[0m
  [1m[36mUser Destroy (0.6ms)[0m  [1m[31mDELETE FROM "users" WHERE "users"."id" = ?[0m  [["id", 3]]
  [1m[36mTRANSACTION (2.8ms)[0m  [1m[36mcommit transaction[0m
  [1m[36mUser Load (0.2ms)[0m  [1m[34mSELECT "users".* FROM "users"[0m
  [1m[36mPost Load (0.1ms)[0m  [1m[34mSELECT "posts".* FROM "posts"[0m
  [1m[36mActiveRecord::SchemaMigration Pluck (0.2ms)[0m  [1m[34mSELECT "schema_migrations"."version" FROM "schema_migrations" ORDER BY "schema_migrations"."version" ASC[0m
  [1m[36mActiveRecord::SchemaMigration Pluck (0.1ms)[0m  [1m[34mSELECT "schema_migrations"."version" FROM "schema_migrations" ORDER BY "schema_migrations"."version" ASC[0m
Migrating to AddUserReferenceToPosts (20230423075037)
  [1m[36mTRANSACTION (0.1ms)[0m  [1m[36mbegin transaction[0m
  [1m[35m (1.1ms)[0m  [1m[35mALTER TABLE "posts" ADD "user_id" integer[0m
  [1m[35m (0.3ms)[0m  [1m[35mCREATE INDEX "index_posts_on_user_id" ON "posts" ("user_id")[0m
  [1m[35m (0.1ms)[0m  [1m[35mPRAGMA foreign_keys[0m
  [1m[35m (0.1ms)[0m  [1m[35mPRAGMA defer_foreign_keys[0m
  [1m[35m (0.1ms)[0m  [1m[35mPRAGMA defer_foreign_keys = ON[0m
  [1m[35m (0.0ms)[0m  [1m[35mPRAGMA foreign_keys = OFF[0m
  [1m[35m (0.3ms)[0m  [1m[35mCREATE TEMPORARY TABLE "aposts" ("id" integer NOT NULL PRIMARY KEY, "title" varchar DEFAULT NULL, "body" text DEFAULT NULL, "created_at" datetime(6) NOT NULL, "updated_at" datetime(6) NOT NULL, "user_id" integer DEFAULT NULL)[0m
  [1m[35m (0.2ms)[0m  [1m[35mCREATE INDEX "tindex_aposts_on_user_id" ON "aposts" ("user_id")[0m
  [1m[35m (0.1ms)[0m  [1m[32mINSERT INTO "aposts" ("id","title","body","created_at","updated_at","user_id")
                     SELECT "id","title","body","created_at","updated_at","user_id" FROM "posts"[0m
  [1m[35m (0.2ms)[0m  [1m[35mDROP TABLE "posts"[0m
  [1m[35m (0.2ms)[0m  [1m[35mCREATE TABLE "posts" ("id" integer NOT NULL PRIMARY KEY, "title" varchar DEFAULT NULL, "body" text DEFAULT NULL, "created_at" datetime(6) NOT NULL, "updated_at" datetime(6) NOT NULL, "user_id" integer DEFAULT NULL, CONSTRAINT "fk_rails_5b5ddfd518"
FOREIGN KEY ("user_id")
  REFERENCES "users" ("id")
 ON DELETE CASCADE)[0m
  [1m[35m (0.1ms)[0m  [1m[35mCREATE INDEX "index_posts_on_user_id" ON "posts" ("user_id")[0m
  [1m[35m (0.1ms)[0m  [1m[32mINSERT INTO "posts" ("id","title","body","created_at","updated_at","user_id")
                     SELECT "id","title","body","created_at","updated_at","user_id" FROM "aposts"[0m
  [1m[35m (0.1ms)[0m  [1m[35mDROP TABLE "aposts"[0m
  [1m[35m (0.0ms)[0m  [1m[35mPRAGMA defer_foreign_keys = 0[0m
  [1m[35m (0.0ms)[0m  [1m[35mPRAGMA foreign_keys = 1[0m
  [1m[36mActiveRecord::SchemaMigration Create (0.2ms)[0m  [1m[32mINSERT INTO "schema_migrations" ("version") VALUES (?)[0m  [["version", "20230423075037"]]
  [1m[36mTRANSACTION (2.3ms)[0m  [1m[36mcommit transaction[0m
  [1m[36mActiveRecord::InternalMetadata Load (0.2ms)[0m  [1m[34mSELECT "ar_internal_metadata".* FROM "ar_internal_metadata" WHERE "ar_internal_metadata"."key" = ? LIMIT ?[0m  [["key", "environment"], ["LIMIT", 1]]
  [1m[36mActiveRecord::SchemaMigration Pluck (0.2ms)[0m  [1m[34mSELECT "schema_migrations"."version" FROM "schema_migrations" ORDER BY "schema_migrations"."version" ASC[0m
  [1m[36mTRANSACTION (0.1ms)[0m  [1m[36mbegin transaction[0m
  [1m[36mUser Exists? (0.3ms)[0m  [1m[34mSELECT 1 AS one FROM "users" WHERE "users"."email" = ? LIMIT ?[0m  [["email", "johndoe@example.com"], ["LIMIT", 1]]
  [1m[36mTRANSACTION (0.0ms)[0m  [1m[31mrollback transaction[0m
  [1m[36mUser Load (0.2ms)[0m  [1m[34mSELECT "users".* FROM "users"[0m
Started GET "/" for 127.0.0.1 at 2023-04-23 13:24:10 +0530
  [1m[36mActiveRecord::SchemaMigration Pluck (0.1ms)[0m  [1m[34mSELECT "schema_migrations"."version" FROM "schema_migrations" ORDER BY "schema_migrations"."version" ASC[0m
Processing by HomeController#page as HTML
  Rendering layout layouts/application.html.erb
  Rendering home/page.html.erb within layouts/application
  [1m[36mUser Load (0.2ms)[0m  [1m[34mSELECT "users".* FROM "users" WHERE "users"."id" = ? ORDER BY "users"."id" ASC LIMIT ?[0m  [["id", 3], ["LIMIT", 1]]
  ↳ app/views/home/page.html.erb:3
  Rendered home/page.html.erb within layouts/application (Duration: 40.7ms | Allocations: 4488)
  Rendered layout layouts/application.html.erb (Duration: 551.6ms | Allocations: 46013)
Completed 200 OK in 772ms (Views: 609.5ms | ActiveRecord: 0.8ms | Allocations: 50568)


Started GET "/" for 127.0.0.1 at 2023-04-23 13:25:21 +0530
Processing by HomeController#page as HTML
  Rendering layout layouts/application.html.erb
  Rendering home/page.html.erb within layouts/application
  Rendered home/page.html.erb within layouts/application (Duration: 1.8ms | Allocations: 534)
  Rendered layout layouts/application.html.erb (Duration: 10.3ms | Allocations: 3516)
Completed 200 OK in 18ms (Views: 15.8ms | ActiveRecord: 0.0ms | Allocations: 4307)


Started GET "/users/sign_up" for 127.0.0.1 at 2023-04-23 13:25:23 +0530
Processing by Devise::RegistrationsController#new as HTML
  Rendering layout layouts/application.html.erb
  Rendering devise/registrations/new.html.erb within layouts/application
  Rendered devise/shared/_error_messages.html.erb (Duration: 11.0ms | Allocations: 243)
  Rendered devise/shared/_links.html.erb (Duration: 36.5ms | Allocations: 597)
  Rendered devise/registrations/new.html.erb within layouts/application (Duration: 241.0ms | Allocations: 5579)
  Rendered layout layouts/application.html.erb (Duration: 247.7ms | Allocations: 8327)
Completed 200 OK in 282ms (Views: 253.5ms | ActiveRecord: 0.0ms | Allocations: 14768)


Started POST "/users" for 127.0.0.1 at 2023-04-23 13:25:32 +0530
Processing by Devise::RegistrationsController#create as TURBO_STREAM
  Parameters: {"authenticity_token"=>"[FILTERED]", "user"=>{"email"=>"007amalpb@gmail.com", "name"=>"kamal", "password"=>"[FILTERED]", "password_confirmation"=>"[FILTERED]"}, "commit"=>"Sign up"}
  [1m[36mTRANSACTION (0.1ms)[0m  [1m[36mbegin transaction[0m
  [1m[36mUser Exists? (0.2ms)[0m  [1m[34mSELECT 1 AS one FROM "users" WHERE "users"."email" = ? LIMIT ?[0m  [["email", "007amalpb@gmail.com"], ["LIMIT", 1]]
  [1m[36mUser Create (2.6ms)[0m  [1m[32mINSERT INTO "users" ("email", "encrypted_password", "reset_password_token", "reset_password_sent_at", "remember_created_at", "name", "created_at", "updated_at") VALUES (?, ?, ?, ?, ?, ?, ?, ?)[0m  [["email", "007amalpb@gmail.com"], ["encrypted_password", "[FILTERED]"], ["reset_password_token", "[FILTERED]"], ["reset_password_sent_at", "[FILTERED]"], ["remember_created_at", nil], ["name", "kamal"], ["created_at", "2023-04-23 07:55:32.446174"], ["updated_at", "2023-04-23 07:55:32.446174"]]
  [1m[36mTRANSACTION (2.5ms)[0m  [1m[36mcommit transaction[0m
Redirected to http://127.0.0.1:3000/
Completed 303 See Other in 337ms (ActiveRecord: 5.4ms | Allocations: 9135)


Started GET "/" for 127.0.0.1 at 2023-04-23 13:25:32 +0530
Processing by HomeController#page as TURBO_STREAM
  Rendering layout layouts/application.html.erb
  Rendering home/page.html.erb within layouts/application
  [1m[36mUser Load (0.1ms)[0m  [1m[34mSELECT "users".* FROM "users" WHERE "users"."id" = ? ORDER BY "users"."id" ASC LIMIT ?[0m  [["id", 4], ["LIMIT", 1]]
  ↳ app/views/home/page.html.erb:3
  Rendered home/page.html.erb within layouts/application (Duration: 3.6ms | Allocations: 1069)
  Rendered layout layouts/application.html.erb (Duration: 12.4ms | Allocations: 3768)
Completed 200 OK in 16ms (Views: 13.7ms | ActiveRecord: 0.1ms | Allocations: 4109)


  [1m[36mUser Load (0.3ms)[0m  [1m[34mSELECT "users".* FROM "users"[0m
  [1m[36mUser Load (0.2ms)[0m  [1m[34mSELECT "users".* FROM "users" ORDER BY "users"."id" ASC LIMIT ?[0m  [["LIMIT", 1]]
  [1m[36mTRANSACTION (0.1ms)[0m  [1m[36mbegin transaction[0m
  [1m[36mPost Create (2.1ms)[0m  [1m[32mINSERT INTO "posts" ("title", "body", "created_at", "updated_at", "user_id") VALUES (?, ?, ?, ?, ?)[0m  [["title", "My first post"], ["body", "Lorem ipsum"], ["created_at", "2023-04-23 07:58:32.943343"], ["updated_at", "2023-04-23 07:58:32.943343"], ["user_id", 4]]
  [1m[36mTRANSACTION (1.7ms)[0m  [1m[36mcommit transaction[0m
  [1m[36mUser Load (0.2ms)[0m  [1m[34mSELECT "users".* FROM "users"[0m
  [1m[36mPost Load (0.2ms)[0m  [1m[34mSELECT "posts".* FROM "posts"[0m
  [1m[36mPost Load (0.1ms)[0m  [1m[34mSELECT "posts".* FROM "posts"[0m
  [1m[36mUser Load (0.3ms)[0m  [1m[34mSELECT "users".* FROM "users"[0m
  [1m[36mUser Load (0.1ms)[0m  [1m[34mSELECT "users".* FROM "users"[0m
  [1m[36mTRANSACTION (0.1ms)[0m  [1m[36mbegin transaction[0m
  [1m[36mPost Load (0.4ms)[0m  [1m[34mSELECT "posts".* FROM "posts" WHERE "posts"."user_id" = ?[0m  [["user_id", 4]]
  [1m[36mPost Destroy (0.7ms)[0m  [1m[31mDELETE FROM "posts" WHERE "posts"."id" = ?[0m  [["id", 1]]
  [1m[36mUser Destroy (0.2ms)[0m  [1m[31mDELETE FROM "users" WHERE "users"."id" = ?[0m  [["id", 4]]
  [1m[36mTRANSACTION (1.8ms)[0m  [1m[36mcommit transaction[0m
  [1m[36mPost Load (0.1ms)[0m  [1m[34mSELECT "posts".* FROM "posts"[0m
